Building DAG of jobs...
Using shell: /usr/bin/bash
Provided cores: 1 (use --cores to define parallelism)
Rules claiming more threads will be scaled down.
Job stats:
job             count    min threads    max threads
------------  -------  -------------  -------------
all                 1              1              1
get_data            2              1              1
make_barplot        2              1              1
make_boxplot        2              1              1
total               7              1              1

Select jobs to execute...

[Tue Mar  4 15:17:03 2025]
rule get_data:
    output: Data/SnakeSizes.csv
    jobid: 2
    wildcards: animal=Snake
    resources: tmpdir=/scratch/c4064951/17993966

[Tue Mar  4 15:17:10 2025]
Finished job 2.
1 of 7 steps (14%) done
Select jobs to execute...

[Tue Mar  4 15:17:10 2025]
rule make_barplot:
    input: Data/SnakeSizes.csv
    output: Plots/SnakeSizeBar.png
    jobid: 1
    wildcards: animal=Snake
    resources: tmpdir=/scratch/c4064951/17993966

── Attaching core tidyverse packages ──────────────────────── tidyverse 2.0.0 ──
✔ dplyr     1.1.2     ✔ readr     2.1.4
✔ forcats   1.0.0     ✔ stringr   1.5.0
✔ ggplot2   3.4.2     ✔ tibble    3.2.1
✔ lubridate 1.9.2     ✔ tidyr     1.3.0
✔ purrr     1.0.1     
── Conflicts ────────────────────────────────────────── tidyverse_conflicts() ──
✖ dplyr::filter() masks stats::filter()
✖ dplyr::lag()    masks stats::lag()
ℹ Use the conflicted package (<http://conflicted.r-lib.org/>) to force all conflicts to become errors
Data/SnakeSizes.csv
Plots/SnakeSizeBar.png
Saving 7 x 7 in image
[Tue Mar  4 15:17:24 2025]
Finished job 1.
2 of 7 steps (29%) done
Select jobs to execute...

[Tue Mar  4 15:17:24 2025]
rule make_boxplot:
    input: Data/SnakeSizes.csv
    output: Plots/SnakeSizeBox.png
    jobid: 5
    wildcards: animal=Snake
    resources: tmpdir=/scratch/c4064951/17993966

── Attaching core tidyverse packages ──────────────────────── tidyverse 2.0.0 ──
✔ dplyr     1.1.2     ✔ readr     2.1.4
✔ forcats   1.0.0     ✔ stringr   1.5.0
✔ ggplot2   3.4.2     ✔ tibble    3.2.1
✔ lubridate 1.9.2     ✔ tidyr     1.3.0
✔ purrr     1.0.1     
── Conflicts ────────────────────────────────────────── tidyverse_conflicts() ──
✖ dplyr::filter() masks stats::filter()
✖ dplyr::lag()    masks stats::lag()
ℹ Use the conflicted package (<http://conflicted.r-lib.org/>) to force all conflicts to become errors
Data/SnakeSizes.csv
Saving 7 x 7 in image
Bin width defaults to 1/30 of the range of the data. Pick better value with
`binwidth`.
[Tue Mar  4 15:17:28 2025]
Finished job 5.
3 of 7 steps (43%) done
Select jobs to execute...

[Tue Mar  4 15:17:28 2025]
rule get_data:
    output: Data/LizardSizes.csv
    jobid: 4
    wildcards: animal=Lizard
    resources: tmpdir=/scratch/c4064951/17993966

[Tue Mar  4 15:17:28 2025]
Finished job 4.
4 of 7 steps (57%) done
Select jobs to execute...

[Tue Mar  4 15:17:28 2025]
rule make_barplot:
    input: Data/LizardSizes.csv
    output: Plots/LizardSizeBar.png
    jobid: 3
    wildcards: animal=Lizard
    resources: tmpdir=/scratch/c4064951/17993966

── Attaching core tidyverse packages ──────────────────────── tidyverse 2.0.0 ──
✔ dplyr     1.1.2     ✔ readr     2.1.4
✔ forcats   1.0.0     ✔ stringr   1.5.0
✔ ggplot2   3.4.2     ✔ tibble    3.2.1
✔ lubridate 1.9.2     ✔ tidyr     1.3.0
✔ purrr     1.0.1     
── Conflicts ────────────────────────────────────────── tidyverse_conflicts() ──
✖ dplyr::filter() masks stats::filter()
✖ dplyr::lag()    masks stats::lag()
ℹ Use the conflicted package (<http://conflicted.r-lib.org/>) to force all conflicts to become errors
Data/LizardSizes.csv
Plots/LizardSizeBar.png
Saving 7 x 7 in image
[Tue Mar  4 15:17:32 2025]
Finished job 3.
5 of 7 steps (71%) done
Select jobs to execute...

[Tue Mar  4 15:17:32 2025]
rule make_boxplot:
    input: Data/LizardSizes.csv
    output: Plots/LizardSizeBox.png
    jobid: 6
    wildcards: animal=Lizard
    resources: tmpdir=/scratch/c4064951/17993966

── Attaching core tidyverse packages ──────────────────────── tidyverse 2.0.0 ──
✔ dplyr     1.1.2     ✔ readr     2.1.4
✔ forcats   1.0.0     ✔ stringr   1.5.0
✔ ggplot2   3.4.2     ✔ tibble    3.2.1
✔ lubridate 1.9.2     ✔ tidyr     1.3.0
✔ purrr     1.0.1     
── Conflicts ────────────────────────────────────────── tidyverse_conflicts() ──
✖ dplyr::filter() masks stats::filter()
✖ dplyr::lag()    masks stats::lag()
ℹ Use the conflicted package (<http://conflicted.r-lib.org/>) to force all conflicts to become errors
Data/LizardSizes.csv
Saving 7 x 7 in image
Bin width defaults to 1/30 of the range of the data. Pick better value with
`binwidth`.
[Tue Mar  4 15:17:36 2025]
Finished job 6.
6 of 7 steps (86%) done
Select jobs to execute...

[Tue Mar  4 15:17:36 2025]
localrule all:
    input: Plots/SnakeSizeBar.png, Plots/LizardSizeBar.png, Plots/SnakeSizeBox.png, Plots/LizardSizeBox.png
    jobid: 0
    resources: tmpdir=/scratch/c4064951/17993966

[Tue Mar  4 15:17:36 2025]
Finished job 0.
7 of 7 steps (100%) done
Complete log: /mnt/nfs/home/c4064951/SnakeMake-Practice/.snakemake/log/2025-03-04T151701.117676.snakemake.log
Building DAG of jobs...
Warning: Could not load "/mnt/storage/apps/eb/software/Graphviz/2.47.2-GCCcore-10.3.0/lib/graphviz/libgvplugin_pango.so.6" - It was found, so perhaps one of its dependents was not.  Try ldd.
